2025-11-13 16:56:08,779 INFO: Logging to C:\Users\mario\OneDrive\Desktop\CVSP\outputs\logs\prepare_external_20251113_165608.log
2025-11-13 16:56:08,780 INFO: external-root: D:\data\external
2025-11-13 16:56:08,780 INFO: project-root : C:\Users\mario\OneDrive\Desktop\CVSP
2025-11-13 16:56:08,780 INFO: data-root    : C:\Users\mario\OneDrive\Desktop\CVSP\data
2025-11-13 16:56:08,780 INFO: ================================================================================
2025-11-13 16:56:08,780 INFO: DATASET: SARD
2025-11-13 16:56:08,780 INFO:   source: D:\data\external\SARD
2025-11-13 16:56:08,780 INFO:   output: C:\Users\mario\OneDrive\Desktop\CVSP\data\SARDYOLO
2025-11-13 16:56:08,780 INFO: ================================================================================
2025-11-13 16:56:09,982 INFO: Detected Roboflow-style YOLO (data.yaml present).
2025-11-13 16:56:09,983 INFO: [roboflow] Source: D:\data\external\SARD
2025-11-13 16:56:09,986 INFO: [roboflow] Using person class index: 0
2025-11-13 16:56:10,016 INFO: [roboflow] Split train: 4041 images
2025-11-13 16:57:08,964 INFO: [roboflow] Split val: 1144 images
2025-11-13 16:57:24,319 INFO: [roboflow] Wrote C:\Users\mario\OneDrive\Desktop\CVSP\cfg\sardyolo.yaml
2025-11-13 16:57:24,319 INFO: ================================================================================
2025-11-13 16:57:24,319 INFO: DATASET: HERIDAL
2025-11-13 16:57:24,320 INFO:   source: D:\data\external\HERIDAL
2025-11-13 16:57:24,320 INFO:   output: C:\Users\mario\OneDrive\Desktop\CVSP\data\HERIDALYOLO
2025-11-13 16:57:24,320 INFO: ================================================================================
2025-11-13 16:57:24,428 INFO: Detected Roboflow-style YOLO (data.yaml present).
2025-11-13 16:57:24,428 INFO: [roboflow] Source: D:\data\external\HERIDAL
2025-11-13 16:57:24,428 INFO: [roboflow] Using person class index: 0
2025-11-13 16:57:24,442 INFO: [roboflow] Split train: 1124 images
